  [1m[35m (15.6ms)[0m  [1m[35mCREATE DATABASE "notable_kevinlai_development" ENCODING = 'unicode'[0m
  ↳ bin/rails:9
  [1m[35m (1.0ms)[0m  [1m[35mCREATE DATABASE "notable_kevinlai_test" ENCODING = 'unicode'[0m
  ↳ bin/rails:9
  [1m[35m (0.7ms)[0m  [1m[34mSELECT "schema_migrations"."version" FROM "schema_migrations" ORDER BY "schema_migrations"."version" ASC[0m
  ↳ bin/rails:9
  [1m[35m (0.2ms)[0m  [1m[34mSELECT "ar_internal_metadata"."value" FROM "ar_internal_metadata" WHERE "ar_internal_metadata"."key" = $1[0m  [["key", "environment"]]
  ↳ bin/rails:9
  [1m[35m (0.2ms)[0m  [1m[34mSELECT "schema_migrations"."version" FROM "schema_migrations" ORDER BY "schema_migrations"."version" ASC[0m
  ↳ bin/rails:9
  [1m[35m (0.2ms)[0m  [1m[34mSELECT "ar_internal_metadata"."value" FROM "ar_internal_metadata" WHERE "ar_internal_metadata"."key" = $1[0m  [["key", "environment"]]
  ↳ bin/rails:9
  [1m[35m (0.1ms)[0m  [1m[34mSELECT "schema_migrations"."version" FROM "schema_migrations" ORDER BY "schema_migrations"."version" ASC[0m
  ↳ bin/rails:9
  [1m[35m (0.1ms)[0m  [1m[34mSELECT "ar_internal_metadata"."value" FROM "ar_internal_metadata" WHERE "ar_internal_metadata"."key" = $1[0m  [["key", "environment"]]
  ↳ bin/rails:9
  [1m[35m (0.2ms)[0m  [1m[34mSELECT pg_try_advisory_lock(6424253543255877945)[0m
  ↳ bin/rails:9
  [1m[35m (0.6ms)[0m  [1m[34mSELECT "schema_migrations"."version" FROM "schema_migrations" ORDER BY "schema_migrations"."version" ASC[0m
  ↳ bin/rails:9
Migrating to CreateDoctors (20210117000502)
  [1m[35m (0.1ms)[0m  [1m[35mBEGIN[0m
  ↳ bin/rails:9
  [1m[35m (47.8ms)[0m  [1m[35mCREATE TABLE "doctors" ("id" bigserial primary key, "email" character varying NOT NULL, "first_name" character varying NOT NULL, "last_name" character varying NOT NULL, "created_at" timestamp NOT NULL, "updated_at" timestamp NOT NULL)[0m
  ↳ db/migrate/20210117000502_create_doctors.rb:3
  [1m[35m (2.8ms)[0m  [1m[35mCREATE UNIQUE INDEX  "index_doctors_on_email" ON "doctors"  ("email")[0m
  ↳ db/migrate/20210117000502_create_doctors.rb:9
  [1m[36mActiveRecord::SchemaMigration Create (0.4ms)[0m  [1m[32mINSERT INTO "schema_migrations" ("version") VALUES ($1) RETURNING "version"[0m  [["version", "20210117000502"]]
  ↳ bin/rails:9
  [1m[35m (1.4ms)[0m  [1m[35mCOMMIT[0m
  ↳ bin/rails:9
Migrating to CreateAppointments (20210117000510)
  [1m[35m (0.3ms)[0m  [1m[35mBEGIN[0m
  ↳ bin/rails:9
  [1m[35m (7.6ms)[0m  [1m[35mCREATE TABLE "appointments" ("id" bigserial primary key, "patient_first_name" character varying NOT NULL, "patient_last_name" character varying NOT NULL, "date" character varying NOT NULL, "time" character varying NOT NULL, "kind" character varying NOT NULL, "doctor_id" integer NOT NULL, "created_at" timestamp NOT NULL, "updated_at" timestamp NOT NULL)[0m
  ↳ db/migrate/20210117000510_create_appointments.rb:3
  [1m[35m (2.5ms)[0m  [1m[35mCREATE  INDEX  "index_appointments_on_doctor_id" ON "appointments"  ("doctor_id")[0m
  ↳ db/migrate/20210117000510_create_appointments.rb:12
  [1m[36mActiveRecord::SchemaMigration Create (0.4ms)[0m  [1m[32mINSERT INTO "schema_migrations" ("version") VALUES ($1) RETURNING "version"[0m  [["version", "20210117000510"]]
  ↳ bin/rails:9
  [1m[35m (1.3ms)[0m  [1m[35mCOMMIT[0m
  ↳ bin/rails:9
  [1m[36mActiveRecord::InternalMetadata Load (0.3ms)[0m  [1m[34mSELECT  "ar_internal_metadata".* FROM "ar_internal_metadata" WHERE "ar_internal_metadata"."key" = $1 LIMIT $2[0m  [["key", "environment"], ["LIMIT", 1]]
  ↳ bin/rails:9
  [1m[35m (0.2ms)[0m  [1m[35mBEGIN[0m
  ↳ bin/rails:9
  [1m[35m (1.6ms)[0m  [1m[35mCOMMIT[0m
  ↳ bin/rails:9
  [1m[35m (0.4ms)[0m  [1m[34mSELECT pg_advisory_unlock(6424253543255877945)[0m
  ↳ bin/rails:9
  [1m[35m (0.4ms)[0m  [1m[34mSELECT "schema_migrations"."version" FROM "schema_migrations" ORDER BY "schema_migrations"."version" ASC[0m
  ↳ bin/rails:9
  [1m[35m (0.5ms)[0m  [1m[34mSELECT "schema_migrations"."version" FROM "schema_migrations" ORDER BY "schema_migrations"."version" ASC[0m
  ↳ /home/kevinlai/.rbenv/versions/2.5.1/bin/annotate:23
Started GET "/" for ::1 at 2021-01-16 17:20:15 -0800
  [1m[35m (0.6ms)[0m  [1m[34mSELECT "schema_migrations"."version" FROM "schema_migrations" ORDER BY "schema_migrations"."version" ASC[0m
  ↳ /home/kevinlai/.rbenv/versions/2.5.1/lib/ruby/gems/2.5.0/gems/activerecord-5.2.4.4/lib/active_record/log_subscriber.rb:98
Processing by StaticPagesController#root as HTML
  Rendering static_pages/root.html.erb within layouts/application
  Rendered static_pages/root.html.erb within layouts/application (1.2ms)
Completed 200 OK in 4053ms (Views: 4043.7ms | ActiveRecord: 0.0ms)


Started GET "/" for ::1 at 2021-01-16 17:23:06 -0800
Processing by StaticPagesController#root as HTML
  Rendering static_pages/root.html.erb within layouts/application
  Rendered static_pages/root.html.erb within layouts/application (0.4ms)
Completed 200 OK in 62ms (Views: 55.7ms | ActiveRecord: 0.0ms)


Started GET "/" for ::1 at 2021-01-16 17:24:17 -0800
Processing by StaticPagesController#root as HTML
  Rendering static_pages/root.html.erb within layouts/application
  Rendered static_pages/root.html.erb within layouts/application (0.3ms)
Completed 200 OK in 81ms (Views: 77.1ms | ActiveRecord: 0.0ms)


Started GET "/" for ::1 at 2021-01-16 17:27:45 -0800
Processing by StaticPagesController#root as HTML
  Rendering static_pages/root.html.erb within layouts/application
  Rendered static_pages/root.html.erb within layouts/application (0.3ms)
Completed 200 OK in 645ms (Views: 644.1ms | ActiveRecord: 0.0ms)


  [1m[35m (1.1ms)[0m  [1m[34mSELECT "schema_migrations"."version" FROM "schema_migrations" ORDER BY "schema_migrations"."version" ASC[0m
  ↳ bin/rails:9
  [1m[35m (0.7ms)[0m  [1m[34mSELECT "schema_migrations"."version" FROM "schema_migrations" ORDER BY "schema_migrations"."version" ASC[0m
  ↳ bin/rails:9
  [1m[35m (0.6ms)[0m  [1m[34mSELECT "schema_migrations"."version" FROM "schema_migrations" ORDER BY "schema_migrations"."version" ASC[0m
  ↳ bin/rails:9
  [1m[36mDoctor Destroy (0.6ms)[0m  [1m[31mDELETE FROM "doctors"[0m
  ↳ db/seeds.rb:9
  [1m[35m (0.2ms)[0m  [1m[35mBEGIN[0m
  ↳ db/seeds.rb:11
  [1m[36mDoctor Exists (1.7ms)[0m  [1m[34mSELECT  1 AS one FROM "doctors" WHERE "doctors"."email" = $1 LIMIT $2[0m  [["email", "hibbert@notablehealth.com"], ["LIMIT", 1]]
  ↳ db/seeds.rb:11
  [1m[36mDoctor Create (0.4ms)[0m  [1m[32mINSERT INTO "doctors" ("email", "first_name", "last_name", "created_at", "updated_at") VALUES ($1, $2, $3, $4, $5) RETURNING "id"[0m  [["email", "hibbert@notablehealth.com"], ["first_name", "Julius"], ["last_name", "Hibbert"], ["created_at", "2021-01-17 01:32:31.293400"], ["updated_at", "2021-01-17 01:32:31.293400"]]
  ↳ db/seeds.rb:11
  [1m[35m (26.1ms)[0m  [1m[35mCOMMIT[0m
  ↳ db/seeds.rb:11
  [1m[35m (0.1ms)[0m  [1m[35mBEGIN[0m
  ↳ db/seeds.rb:17
  [1m[36mDoctor Exists (0.2ms)[0m  [1m[34mSELECT  1 AS one FROM "doctors" WHERE "doctors"."email" = $1 LIMIT $2[0m  [["email", "krieger@notablehealth.com"], ["LIMIT", 1]]
  ↳ db/seeds.rb:17
  [1m[36mDoctor Create (0.2ms)[0m  [1m[32mINSERT INTO "doctors" ("email", "first_name", "last_name", "created_at", "updated_at") VALUES ($1, $2, $3, $4, $5) RETURNING "id"[0m  [["email", "krieger@notablehealth.com"], ["first_name", "Algemop"], ["last_name", "Krieger"], ["created_at", "2021-01-17 01:32:31.326475"], ["updated_at", "2021-01-17 01:32:31.326475"]]
  ↳ db/seeds.rb:17
  [1m[35m (1.7ms)[0m  [1m[35mCOMMIT[0m
  ↳ db/seeds.rb:17
  [1m[35m (0.1ms)[0m  [1m[35mBEGIN[0m
  ↳ db/seeds.rb:23
  [1m[36mDoctor Exists (0.2ms)[0m  [1m[34mSELECT  1 AS one FROM "doctors" WHERE "doctors"."email" = $1 LIMIT $2[0m  [["email", "riviera@notablehealth.com"], ["LIMIT", 1]]
  ↳ db/seeds.rb:23
  [1m[36mDoctor Create (0.2ms)[0m  [1m[32mINSERT INTO "doctors" ("email", "first_name", "last_name", "created_at", "updated_at") VALUES ($1, $2, $3, $4, $5) RETURNING "id"[0m  [["email", "riviera@notablehealth.com"], ["first_name", "Nick"], ["last_name", "Riviera"], ["created_at", "2021-01-17 01:32:31.335139"], ["updated_at", "2021-01-17 01:32:31.335139"]]
  ↳ db/seeds.rb:23
  [1m[35m (1.2ms)[0m  [1m[35mCOMMIT[0m
  ↳ db/seeds.rb:23
Started GET "/" for ::1 at 2021-01-16 17:36:45 -0800
  [1m[35m (0.5ms)[0m  [1m[34mSELECT "schema_migrations"."version" FROM "schema_migrations" ORDER BY "schema_migrations"."version" ASC[0m
  ↳ /home/kevinlai/.rbenv/versions/2.5.1/lib/ruby/gems/2.5.0/gems/activerecord-5.2.4.4/lib/active_record/log_subscriber.rb:98
Processing by StaticPagesController#root as HTML
  Rendering static_pages/root.html.erb within layouts/application
  Rendered static_pages/root.html.erb within layouts/application (1.3ms)
Completed 200 OK in 2259ms (Views: 2251.4ms | ActiveRecord: 0.0ms)


Started GET "/" for ::1 at 2021-01-16 17:36:50 -0800
Processing by StaticPagesController#root as HTML
  Rendering static_pages/root.html.erb within layouts/application
  Rendered static_pages/root.html.erb within layouts/application (0.5ms)
Completed 200 OK in 59ms (Views: 53.5ms | ActiveRecord: 0.0ms)


Started GET "/" for ::1 at 2021-01-16 17:37:56 -0800
Processing by StaticPagesController#root as HTML
  Rendering static_pages/root.html.erb within layouts/application
  Rendered static_pages/root.html.erb within layouts/application (0.5ms)
Completed 200 OK in 40ms (Views: 39.1ms | ActiveRecord: 0.0ms)


Started GET "/" for ::1 at 2021-01-16 17:41:53 -0800
Processing by StaticPagesController#root as HTML
  Rendering static_pages/root.html.erb within layouts/application
  Rendered static_pages/root.html.erb within layouts/application (0.3ms)
Completed 200 OK in 606ms (Views: 605.2ms | ActiveRecord: 0.0ms)


Started GET "/" for ::1 at 2021-01-16 17:43:10 -0800
Processing by StaticPagesController#root as HTML
  Rendering static_pages/root.html.erb within layouts/application
  Rendered static_pages/root.html.erb within layouts/application (0.4ms)
Completed 200 OK in 635ms (Views: 634.1ms | ActiveRecord: 0.0ms)


Started GET "/" for ::1 at 2021-01-16 17:43:39 -0800
Processing by StaticPagesController#root as HTML
  Rendering static_pages/root.html.erb within layouts/application
  Rendered static_pages/root.html.erb within layouts/application (0.3ms)
Completed 200 OK in 553ms (Views: 552.7ms | ActiveRecord: 0.0ms)


Started GET "/" for ::1 at 2021-01-16 17:47:25 -0800
  [1m[35m (0.6ms)[0m  [1m[34mSELECT "schema_migrations"."version" FROM "schema_migrations" ORDER BY "schema_migrations"."version" ASC[0m
  ↳ /home/kevinlai/.rbenv/versions/2.5.1/lib/ruby/gems/2.5.0/gems/activerecord-5.2.4.4/lib/active_record/log_subscriber.rb:98
Processing by StaticPagesController#root as HTML
  Rendering static_pages/root.html.erb within layouts/application
  Rendered static_pages/root.html.erb within layouts/application (0.8ms)
Completed 200 OK in 1515ms (Views: 1506.0ms | ActiveRecord: 0.0ms)


Started GET "/" for ::1 at 2021-01-16 17:49:04 -0800
Processing by StaticPagesController#root as HTML
  Rendering static_pages/root.html.erb within layouts/application
  Rendered static_pages/root.html.erb within layouts/application (0.6ms)
Completed 200 OK in 585ms (Views: 580.9ms | ActiveRecord: 0.0ms)


Started GET "/" for ::1 at 2021-01-16 17:52:40 -0800
  [1m[35m (1.3ms)[0m  [1m[34mSELECT "schema_migrations"."version" FROM "schema_migrations" ORDER BY "schema_migrations"."version" ASC[0m
  ↳ /home/kevinlai/.rbenv/versions/2.5.1/lib/ruby/gems/2.5.0/gems/activerecord-5.2.4.4/lib/active_record/log_subscriber.rb:98
Processing by StaticPagesController#root as HTML
  Rendering static_pages/root.html.erb within layouts/application
  Rendered static_pages/root.html.erb within layouts/application (0.9ms)
Completed 200 OK in 1819ms (Views: 1804.3ms | ActiveRecord: 0.0ms)


Started GET "/" for ::1 at 2021-01-16 18:06:52 -0800
  [1m[35m (0.6ms)[0m  [1m[34mSELECT "schema_migrations"."version" FROM "schema_migrations" ORDER BY "schema_migrations"."version" ASC[0m
  ↳ /home/kevinlai/.rbenv/versions/2.5.1/lib/ruby/gems/2.5.0/gems/activerecord-5.2.4.4/lib/active_record/log_subscriber.rb:98
Processing by StaticPagesController#root as HTML
  Rendering static_pages/root.html.erb within layouts/application
  Rendered static_pages/root.html.erb within layouts/application (2.1ms)
Completed 200 OK in 2526ms (Views: 2517.9ms | ActiveRecord: 0.0ms)


Started GET "/" for ::1 at 2021-01-16 18:10:18 -0800
Processing by StaticPagesController#root as HTML
  Rendering static_pages/root.html.erb within layouts/application
  Rendered static_pages/root.html.erb within layouts/application (0.3ms)
Completed 200 OK in 753ms (Views: 752.0ms | ActiveRecord: 0.0ms)


Started GET "/" for ::1 at 2021-01-16 18:17:04 -0800
  [1m[35m (2.1ms)[0m  [1m[34mSELECT "schema_migrations"."version" FROM "schema_migrations" ORDER BY "schema_migrations"."version" ASC[0m
  ↳ /home/kevinlai/.rbenv/versions/2.5.1/lib/ruby/gems/2.5.0/gems/activerecord-5.2.4.4/lib/active_record/log_subscriber.rb:98
Processing by StaticPagesController#root as HTML
  Rendering static_pages/root.html.erb within layouts/application
  Rendered static_pages/root.html.erb within layouts/application (0.8ms)
Completed 200 OK in 1668ms (Views: 1657.1ms | ActiveRecord: 0.0ms)


Started GET "/" for ::1 at 2021-01-16 18:17:52 -0800
Processing by StaticPagesController#root as HTML
  Rendering static_pages/root.html.erb within layouts/application
  Rendered static_pages/root.html.erb within layouts/application (0.3ms)
Completed 200 OK in 63ms (Views: 62.2ms | ActiveRecord: 0.0ms)


Started GET "/" for ::1 at 2021-01-16 18:18:20 -0800
Processing by StaticPagesController#root as HTML
  Rendering static_pages/root.html.erb within layouts/application
  Rendered static_pages/root.html.erb within layouts/application (0.3ms)
Completed 200 OK in 98ms (Views: 97.8ms | ActiveRecord: 0.0ms)


Started GET "/" for ::1 at 2021-01-16 18:18:25 -0800
Processing by StaticPagesController#root as HTML
  Rendering static_pages/root.html.erb within layouts/application
  Rendered static_pages/root.html.erb within layouts/application (0.4ms)
Completed 200 OK in 71ms (Views: 70.3ms | ActiveRecord: 0.0ms)


Started GET "/" for ::1 at 2021-01-16 18:22:36 -0800
  [1m[35m (0.5ms)[0m  [1m[34mSELECT "schema_migrations"."version" FROM "schema_migrations" ORDER BY "schema_migrations"."version" ASC[0m
  ↳ /home/kevinlai/.rbenv/versions/2.5.1/lib/ruby/gems/2.5.0/gems/activerecord-5.2.4.4/lib/active_record/log_subscriber.rb:98
Processing by StaticPagesController#root as HTML
  Rendering static_pages/root.html.erb within layouts/application
  Rendered static_pages/root.html.erb within layouts/application (0.9ms)
Completed 200 OK in 1693ms (Views: 1686.3ms | ActiveRecord: 0.0ms)


Started GET "/" for ::1 at 2021-01-16 18:41:27 -0800
  [1m[35m (3.0ms)[0m  [1m[34mSELECT "schema_migrations"."version" FROM "schema_migrations" ORDER BY "schema_migrations"."version" ASC[0m
  ↳ /home/kevinlai/.rbenv/versions/2.5.1/lib/ruby/gems/2.5.0/gems/activerecord-5.2.4.4/lib/active_record/log_subscriber.rb:98
Processing by StaticPagesController#root as HTML
  Rendering static_pages/root.html.erb within layouts/application
  Rendered static_pages/root.html.erb within layouts/application (2.4ms)
Completed 200 OK in 1240ms (Views: 1229.7ms | ActiveRecord: 0.0ms)


Started GET "/" for ::1 at 2021-01-16 19:23:18 -0800
  [1m[35m (0.6ms)[0m  [1m[34mSELECT "schema_migrations"."version" FROM "schema_migrations" ORDER BY "schema_migrations"."version" ASC[0m
  ↳ /home/kevinlai/.rbenv/versions/2.5.1/lib/ruby/gems/2.5.0/gems/activerecord-5.2.4.4/lib/active_record/log_subscriber.rb:98
Processing by StaticPagesController#root as HTML
  Rendering static_pages/root.html.erb within layouts/application
  Rendered static_pages/root.html.erb within layouts/application (2.0ms)
Completed 200 OK in 1333ms (Views: 1324.0ms | ActiveRecord: 0.0ms)


Started GET "/" for ::1 at 2021-01-16 19:25:27 -0800
Processing by StaticPagesController#root as HTML
  Rendering static_pages/root.html.erb within layouts/application
  Rendered static_pages/root.html.erb within layouts/application (0.3ms)
Completed 200 OK in 781ms (Views: 780.6ms | ActiveRecord: 0.0ms)


Started GET "/" for ::1 at 2021-01-16 19:38:54 -0800
  [1m[35m (0.5ms)[0m  [1m[34mSELECT "schema_migrations"."version" FROM "schema_migrations" ORDER BY "schema_migrations"."version" ASC[0m
  ↳ /home/kevinlai/.rbenv/versions/2.5.1/lib/ruby/gems/2.5.0/gems/activerecord-5.2.4.4/lib/active_record/log_subscriber.rb:98
Processing by StaticPagesController#root as HTML
  Rendering static_pages/root.html.erb within layouts/application
  Rendered static_pages/root.html.erb within layouts/application (1.5ms)
Completed 200 OK in 2354ms (Views: 2347.1ms | ActiveRecord: 0.0ms)


Started GET "/" for ::1 at 2021-01-16 19:42:22 -0800
  [1m[35m (0.6ms)[0m  [1m[34mSELECT "schema_migrations"."version" FROM "schema_migrations" ORDER BY "schema_migrations"."version" ASC[0m
  ↳ /home/kevinlai/.rbenv/versions/2.5.1/lib/ruby/gems/2.5.0/gems/activerecord-5.2.4.4/lib/active_record/log_subscriber.rb:98
Processing by StaticPagesController#root as HTML
  Rendering static_pages/root.html.erb within layouts/application
  Rendered static_pages/root.html.erb within layouts/application (0.8ms)
Completed 200 OK in 1528ms (Views: 1520.8ms | ActiveRecord: 0.0ms)


Started GET "/" for ::1 at 2021-01-16 20:59:54 -0800
  [1m[35m (0.6ms)[0m  [1m[34mSELECT "schema_migrations"."version" FROM "schema_migrations" ORDER BY "schema_migrations"."version" ASC[0m
  ↳ /home/kevinlai/.rbenv/versions/2.5.1/lib/ruby/gems/2.5.0/gems/activerecord-5.2.4.4/lib/active_record/log_subscriber.rb:98
Processing by StaticPagesController#root as HTML
  Rendering static_pages/root.html.erb within layouts/application
  Rendered static_pages/root.html.erb within layouts/application (2.4ms)
Completed 200 OK in 4020ms (Views: 4009.6ms | ActiveRecord: 0.0ms)


Started GET "/api/doctors/" for ::1 at 2021-01-16 20:59:59 -0800

SyntaxError - syntax error, unexpected ':', expecting keyword_end
            render: show
                  ^:
  app/controllers/api/doctors_controller.rb:24:in `'

Started GET "/" for ::1 at 2021-01-16 21:01:38 -0800
Processing by StaticPagesController#root as HTML
  Rendering static_pages/root.html.erb within layouts/application
  Rendered static_pages/root.html.erb within layouts/application (0.3ms)
Completed 200 OK in 76ms (Views: 75.2ms | ActiveRecord: 0.0ms)


Started GET "/api/doctors/" for ::1 at 2021-01-16 21:02:01 -0800

SyntaxError - syntax error, unexpected ':', expecting keyword_end
            render: show
                  ^:
  app/controllers/api/doctors_controller.rb:24:in `'

Started GET "/" for ::1 at 2021-01-16 21:02:03 -0800
Processing by StaticPagesController#root as HTML
  Rendering static_pages/root.html.erb within layouts/application
  Rendered static_pages/root.html.erb within layouts/application (0.3ms)
Completed 200 OK in 760ms (Views: 759.6ms | ActiveRecord: 0.0ms)


Started GET "/api/doctors/" for ::1 at 2021-01-16 21:02:05 -0800

SyntaxError - syntax error, unexpected ':', expecting keyword_end
            render: show
                  ^:
  app/controllers/api/doctors_controller.rb:24:in `'

Started GET "/" for ::1 at 2021-01-16 21:06:00 -0800
Processing by StaticPagesController#root as HTML
  Rendering static_pages/root.html.erb within layouts/application
  Rendered static_pages/root.html.erb within layouts/application (0.4ms)
Completed 200 OK in 791ms (Views: 790.9ms | ActiveRecord: 0.0ms)


Started GET "/api/doctors/" for ::1 at 2021-01-16 21:06:01 -0800

SyntaxError - syntax error, unexpected ':', expecting keyword_end
            render: show
                  ^:
  app/controllers/api/doctors_controller.rb:24:in `'

Started GET "/" for ::1 at 2021-01-16 21:06:26 -0800
Processing by StaticPagesController#root as HTML
  Rendering static_pages/root.html.erb within layouts/application
  Rendered static_pages/root.html.erb within layouts/application (0.4ms)
Completed 200 OK in 793ms (Views: 792.6ms | ActiveRecord: 0.0ms)


Started GET "/api/doctors/" for ::1 at 2021-01-16 21:07:53 -0800

SyntaxError - syntax error, unexpected ':', expecting keyword_end
            render: show
                  ^:
  app/controllers/api/doctors_controller.rb:24:in `'

Started GET "/" for ::1 at 2021-01-16 21:07:54 -0800
Processing by StaticPagesController#root as HTML
  Rendering static_pages/root.html.erb within layouts/application
  Rendered static_pages/root.html.erb within layouts/application (2.2ms)
Completed 200 OK in 818ms (Views: 817.1ms | ActiveRecord: 0.0ms)


Started GET "/api/doctors/" for ::1 at 2021-01-16 21:07:56 -0800

SyntaxError - syntax error, unexpected ':', expecting keyword_end
            render: show
                  ^:
  app/controllers/api/doctors_controller.rb:24:in `'

Started GET "/" for ::1 at 2021-01-16 21:10:04 -0800
Processing by StaticPagesController#root as HTML
  Rendering static_pages/root.html.erb within layouts/application
  Rendered static_pages/root.html.erb within layouts/application (0.4ms)
Completed 200 OK in 895ms (Views: 894.2ms | ActiveRecord: 0.0ms)


Started GET "/api/doctors/" for ::1 at 2021-01-16 21:10:06 -0800

SyntaxError - syntax error, unexpected ':', expecting keyword_end
            render: show
                  ^:
  app/controllers/api/doctors_controller.rb:24:in `'

Started GET "/" for ::1 at 2021-01-16 21:12:35 -0800
Processing by StaticPagesController#root as HTML
  Rendering static_pages/root.html.erb within layouts/application
  Rendered static_pages/root.html.erb within layouts/application (0.3ms)
Completed 200 OK in 771ms (Views: 770.7ms | ActiveRecord: 0.0ms)


Started GET "/api/doctors/" for ::1 at 2021-01-16 21:12:37 -0800

SyntaxError - syntax error, unexpected ':', expecting keyword_end
            render: show
                  ^:
  app/controllers/api/doctors_controller.rb:24:in `'

Started GET "/" for ::1 at 2021-01-16 21:14:20 -0800
Processing by StaticPagesController#root as HTML
  Rendering static_pages/root.html.erb within layouts/application
  Rendered static_pages/root.html.erb within layouts/application (0.3ms)
Completed 200 OK in 759ms (Views: 758.4ms | ActiveRecord: 0.0ms)


Started GET "/api/doctors/" for ::1 at 2021-01-16 21:14:22 -0800

SyntaxError - syntax error, unexpected ':', expecting keyword_end
            render: show
                  ^:
  app/controllers/api/doctors_controller.rb:24:in `'

Started GET "/" for ::1 at 2021-01-16 21:15:11 -0800
Processing by StaticPagesController#root as HTML
  Rendering static_pages/root.html.erb within layouts/application
  Rendered static_pages/root.html.erb within layouts/application (0.4ms)
Completed 200 OK in 121ms (Views: 119.9ms | ActiveRecord: 0.0ms)


Started GET "/api/doctors/" for ::1 at 2021-01-16 21:15:12 -0800
Processing by Api::DoctorsController#index as JSON
Completed 500 Internal Server Error in 56ms (ActiveRecord: 0.0ms)



ActionView::MissingTemplate - Missing template api/doctors/index, application/index with {:locale=>[:en], :formats=>[:json], :variants=>[], :handlers=>[:raw, :erb, :html, :builder, :ruby, :coffee, :jbuilder]}. Searched in:
  * "/home/kevinlai/Desktop/submission_notable_health/notable_kevinlai/app/views":
  app/controllers/api/doctors_controller.rb:6:in `index'

Started GET "/" for ::1 at 2021-01-16 21:17:32 -0800
  [1m[35m (1.0ms)[0m  [1m[34mSELECT "schema_migrations"."version" FROM "schema_migrations" ORDER BY "schema_migrations"."version" ASC[0m
  ↳ /home/kevinlai/.rbenv/versions/2.5.1/lib/ruby/gems/2.5.0/gems/activerecord-5.2.4.4/lib/active_record/log_subscriber.rb:98
Processing by StaticPagesController#root as HTML
  Rendering static_pages/root.html.erb within layouts/application
  Rendered static_pages/root.html.erb within layouts/application (0.9ms)
Completed 200 OK in 2272ms (Views: 2248.7ms | ActiveRecord: 0.0ms)


Started GET "/api/doctors/" for ::1 at 2021-01-16 21:17:34 -0800
Processing by Api::DoctorsController#index as JSON
Completed 500 Internal Server Error in 17ms (ActiveRecord: 0.0ms)



ActionView::MissingTemplate - Missing template api/doctors/index, application/index with {:locale=>[:en], :formats=>[:json], :variants=>[], :handlers=>[:raw, :erb, :html, :builder, :ruby, :coffee, :jbuilder]}. Searched in:
  * "/home/kevinlai/Desktop/submission_notable_health/notable_kevinlai/app/views":
  app/controllers/api/doctors_controller.rb:6:in `index'

Started GET "/" for ::1 at 2021-01-16 21:22:29 -0800
  [1m[35m (0.5ms)[0m  [1m[34mSELECT "schema_migrations"."version" FROM "schema_migrations" ORDER BY "schema_migrations"."version" ASC[0m
  ↳ /home/kevinlai/.rbenv/versions/2.5.1/lib/ruby/gems/2.5.0/gems/activerecord-5.2.4.4/lib/active_record/log_subscriber.rb:98
Processing by StaticPagesController#root as HTML
  Rendering static_pages/root.html.erb within layouts/application
  Rendered static_pages/root.html.erb within layouts/application (0.8ms)
Completed 200 OK in 1690ms (Views: 1681.1ms | ActiveRecord: 0.0ms)


Started GET "/api/doctors/" for ::1 at 2021-01-16 21:22:32 -0800
Processing by Api::DoctorsController#index as JSON
Completed 500 Internal Server Error in 16ms (ActiveRecord: 0.0ms)



ActionView::MissingTemplate - Missing template api/doctors/index, application/index with {:locale=>[:en], :formats=>[:json], :variants=>[], :handlers=>[:raw, :erb, :html, :builder, :ruby, :coffee, :jbuilder]}. Searched in:
  * "/home/kevinlai/Desktop/submission_notable_health/notable_kevinlai/app/views":
  app/controllers/api/doctors_controller.rb:6:in `index'

Started GET "/" for ::1 at 2021-01-16 21:23:12 -0800
Processing by StaticPagesController#root as HTML
  Rendering static_pages/root.html.erb within layouts/application
  Rendered static_pages/root.html.erb within layouts/application (0.3ms)
Completed 200 OK in 864ms (Views: 863.7ms | ActiveRecord: 0.0ms)


Started GET "/api/doctors/" for ::1 at 2021-01-16 21:23:15 -0800
Processing by Api::DoctorsController#index as JSON
Completed 500 Internal Server Error in 10ms (ActiveRecord: 0.0ms)



ActionView::MissingTemplate - Missing template api/doctors/index, application/index with {:locale=>[:en], :formats=>[:json], :variants=>[], :handlers=>[:raw, :erb, :html, :builder, :ruby, :coffee, :jbuilder]}. Searched in:
  * "/home/kevinlai/Desktop/submission_notable_health/notable_kevinlai/app/views":
  app/controllers/api/doctors_controller.rb:6:in `index'

Started GET "/" for ::1 at 2021-01-16 21:25:44 -0800
  [1m[35m (0.5ms)[0m  [1m[34mSELECT "schema_migrations"."version" FROM "schema_migrations" ORDER BY "schema_migrations"."version" ASC[0m
  ↳ /home/kevinlai/.rbenv/versions/2.5.1/lib/ruby/gems/2.5.0/gems/activerecord-5.2.4.4/lib/active_record/log_subscriber.rb:98
Processing by StaticPagesController#root as HTML
  Rendering static_pages/root.html.erb within layouts/application
  Rendered static_pages/root.html.erb within layouts/application (0.8ms)
Completed 200 OK in 2100ms (Views: 2093.9ms | ActiveRecord: 0.0ms)


Started GET "/api/doctors/" for ::1 at 2021-01-16 21:25:47 -0800
Processing by Api::DoctorsController#index as JSON
Completed 406 Not Acceptable in 76ms (ActiveRecord: 0.0ms)



ActionController::UnknownFormat - Api::DoctorsController#index is missing a template for this request format and variant.
request.formats: ["application/json"]
request.variant: []:

Started GET "/" for ::1 at 2021-01-16 21:26:42 -0800
Processing by StaticPagesController#root as HTML
  Rendering static_pages/root.html.erb within layouts/application
  Rendered static_pages/root.html.erb within layouts/application (1.8ms)
Completed 200 OK in 60ms (Views: 59.8ms | ActiveRecord: 0.0ms)


Started GET "/api/doctors/" for ::1 at 2021-01-16 21:26:43 -0800
Processing by Api::DoctorsController#index as JSON
Completed 500 Internal Server Error in 20ms (ActiveRecord: 0.0ms)



ActionView::MissingTemplate - Missing template api/doctors/index, application/index with {:locale=>[:en], :formats=>[:json], :variants=>[], :handlers=>[:raw, :erb, :html, :builder, :ruby, :coffee, :jbuilder]}. Searched in:
  * "/home/kevinlai/Desktop/submission_notable_health/notable_kevinlai/app/views":
  app/controllers/api/doctors_controller.rb:6:in `index'

Started GET "/" for ::1 at 2021-01-16 21:29:05 -0800
  [1m[35m (0.5ms)[0m  [1m[34mSELECT "schema_migrations"."version" FROM "schema_migrations" ORDER BY "schema_migrations"."version" ASC[0m
  ↳ /home/kevinlai/.rbenv/versions/2.5.1/lib/ruby/gems/2.5.0/gems/activerecord-5.2.4.4/lib/active_record/log_subscriber.rb:98
Processing by StaticPagesController#root as HTML
  Rendering static_pages/root.html.erb within layouts/application
  Rendered static_pages/root.html.erb within layouts/application (0.9ms)
Completed 200 OK in 1711ms (Views: 1695.6ms | ActiveRecord: 0.0ms)


Started GET "/api/doctors/" for ::1 at 2021-01-16 21:29:08 -0800
Processing by Api::DoctorsController#index as JSON
Completed 500 Internal Server Error in 26ms (ActiveRecord: 0.0ms)



ActionView::MissingTemplate - Missing template api/doctors/index, application/index with {:locale=>[:en], :formats=>[:json], :variants=>[], :handlers=>[:raw, :erb, :html, :builder, :ruby, :coffee, :jbuilder]}. Searched in:
  * "/home/kevinlai/Desktop/notable_kevinlai/app/views":
  app/controllers/api/doctors_controller.rb:6:in `index'

Started GET "/" for ::1 at 2021-01-16 21:31:36 -0800
Processing by StaticPagesController#root as HTML
  Rendering static_pages/root.html.erb within layouts/application
  Rendered static_pages/root.html.erb within layouts/application (0.6ms)
Completed 200 OK in 70ms (Views: 68.9ms | ActiveRecord: 0.0ms)


Started GET "/api/doctors/" for ::1 at 2021-01-16 21:31:36 -0800
Processing by Api::DoctorsController#index as JSON
  Rendering api/doctors/index.json.jbuilder
  [1m[36mDoctor Load (89.2ms)[0m  [1m[34mSELECT "doctors".* FROM "doctors"[0m
  ↳ app/views/api/doctors/index.json.jbuilder:1
  Rendered api/doctors/index.json.jbuilder (152.7ms)
Completed 200 OK in 166ms (Views: 44.5ms | ActiveRecord: 120.6ms)


Started GET "/" for ::1 at 2021-01-16 21:32:06 -0800
Processing by StaticPagesController#root as HTML
  Rendering static_pages/root.html.erb within layouts/application
  Rendered static_pages/root.html.erb within layouts/application (0.3ms)
Completed 200 OK in 988ms (Views: 987.7ms | ActiveRecord: 0.0ms)


Started GET "/api/doctors/" for ::1 at 2021-01-16 21:32:08 -0800
Processing by Api::DoctorsController#index as JSON
  Rendering api/doctors/index.json.jbuilder
  [1m[36mDoctor Load (0.3ms)[0m  [1m[34mSELECT "doctors".* FROM "doctors"[0m
  ↳ app/views/api/doctors/index.json.jbuilder:1
  Rendered api/doctors/index.json.jbuilder (6.1ms)
Completed 200 OK in 10ms (Views: 9.2ms | ActiveRecord: 0.3ms)


Started GET "/" for ::1 at 2021-01-16 21:32:14 -0800
Processing by StaticPagesController#root as HTML
  Rendering static_pages/root.html.erb within layouts/application
  Rendered static_pages/root.html.erb within layouts/application (0.4ms)
Completed 200 OK in 987ms (Views: 986.4ms | ActiveRecord: 0.0ms)


Started GET "/api/doctors/" for ::1 at 2021-01-16 21:32:16 -0800
Processing by Api::DoctorsController#index as JSON
  Rendering api/doctors/index.json.jbuilder
  [1m[36mDoctor Load (1.0ms)[0m  [1m[34mSELECT "doctors".* FROM "doctors"[0m
  ↳ app/views/api/doctors/index.json.jbuilder:1
  Rendered api/doctors/index.json.jbuilder (2.6ms)
Completed 200 OK in 10ms (Views: 7.9ms | ActiveRecord: 1.0ms)


Started GET "/" for ::1 at 2021-01-18 17:37:42 -0800
  [1m[35m (20.0ms)[0m  [1m[34mSELECT "schema_migrations"."version" FROM "schema_migrations" ORDER BY "schema_migrations"."version" ASC[0m
  ↳ /home/kevinlai/.rbenv/versions/2.5.1/lib/ruby/gems/2.5.0/gems/activerecord-5.2.4.4/lib/active_record/log_subscriber.rb:98
Processing by StaticPagesController#root as HTML
  Rendering static_pages/root.html.erb within layouts/application
  Rendered static_pages/root.html.erb within layouts/application (26.8ms)
Completed 200 OK in 3314ms (Views: 3300.7ms | ActiveRecord: 0.0ms)


Started GET "/api/doctors/" for ::1 at 2021-01-18 17:37:48 -0800
Processing by Api::DoctorsController#index as JSON
  Rendering api/doctors/index.json.jbuilder
  [1m[36mDoctor Load (105.9ms)[0m  [1m[34mSELECT "doctors".* FROM "doctors"[0m
  ↳ app/views/api/doctors/index.json.jbuilder:1
  [1m[36mAppointment Load (1.2ms)[0m  [1m[34mSELECT "appointments".* FROM "appointments" WHERE "appointments"."doctor_id" = $1[0m  [["doctor_id", 1]]
  ↳ app/views/api/doctors/index.json.jbuilder:4
  [1m[36mAppointment Load (0.2ms)[0m  [1m[34mSELECT "appointments".* FROM "appointments" WHERE "appointments"."doctor_id" = $1[0m  [["doctor_id", 2]]
  ↳ app/views/api/doctors/index.json.jbuilder:4
  [1m[36mAppointment Load (2.2ms)[0m  [1m[34mSELECT "appointments".* FROM "appointments" WHERE "appointments"."doctor_id" = $1[0m  [["doctor_id", 3]]
  ↳ app/views/api/doctors/index.json.jbuilder:4
  Rendered api/doctors/index.json.jbuilder (258.2ms)
Completed 200 OK in 362ms (Views: 104.5ms | ActiveRecord: 164.4ms)


Started GET "/" for ::1 at 2021-01-18 17:38:33 -0800
Processing by StaticPagesController#root as HTML
  Rendering static_pages/root.html.erb within layouts/application
  Rendered static_pages/root.html.erb within layouts/application (0.3ms)
Completed 200 OK in 854ms (Views: 853.4ms | ActiveRecord: 0.0ms)


Started GET "/api/doctors/" for ::1 at 2021-01-18 17:38:34 -0800
Processing by Api::DoctorsController#index as JSON
  Rendering api/doctors/index.json.jbuilder
  [1m[36mDoctor Load (0.4ms)[0m  [1m[34mSELECT "doctors".* FROM "doctors"[0m
  ↳ app/views/api/doctors/index.json.jbuilder:1
  [1m[36mAppointment Load (0.4ms)[0m  [1m[34mSELECT "appointments".* FROM "appointments" WHERE "appointments"."doctor_id" = $1[0m  [["doctor_id", 1]]
  ↳ app/views/api/doctors/index.json.jbuilder:4
  [1m[36mAppointment Load (0.7ms)[0m  [1m[34mSELECT "appointments".* FROM "appointments" WHERE "appointments"."doctor_id" = $1[0m  [["doctor_id", 2]]
  ↳ app/views/api/doctors/index.json.jbuilder:4
  [1m[36mAppointment Load (5.5ms)[0m  [1m[34mSELECT "appointments".* FROM "appointments" WHERE "appointments"."doctor_id" = $1[0m  [["doctor_id", 3]]
  ↳ app/views/api/doctors/index.json.jbuilder:4
  Rendered api/doctors/index.json.jbuilder (25.5ms)
Completed 200 OK in 31ms (Views: 23.7ms | ActiveRecord: 7.1ms)


  [1m[35m (0.5ms)[0m  [1m[34mSELECT "schema_migrations"."version" FROM "schema_migrations" ORDER BY "schema_migrations"."version" ASC[0m
  ↳ bin/rails:9
  [1m[36mDoctor Destroy (2.4ms)[0m  [1m[31mDELETE FROM "doctors"[0m
  ↳ db/seeds.rb:9
  [1m[36mAppointment Destroy (0.4ms)[0m  [1m[31mDELETE FROM "appointments"[0m
  ↳ db/seeds.rb:10
  [1m[35m (0.1ms)[0m  [1m[35mBEGIN[0m
  ↳ db/seeds.rb:12
  [1m[36mDoctor Exists (0.6ms)[0m  [1m[34mSELECT  1 AS one FROM "doctors" WHERE "doctors"."email" = $1 LIMIT $2[0m  [["email", "hibbert@notablehealth.com"], ["LIMIT", 1]]
  ↳ db/seeds.rb:12
  [1m[36mDoctor Create (99.4ms)[0m  [1m[32mINSERT INTO "doctors" ("email", "first_name", "last_name", "created_at", "updated_at") VALUES ($1, $2, $3, $4, $5) RETURNING "id"[0m  [["email", "hibbert@notablehealth.com"], ["first_name", "Julius"], ["last_name", "Hibbert"], ["created_at", "2021-01-19 01:42:43.601972"], ["updated_at", "2021-01-19 01:42:43.601972"]]
  ↳ db/seeds.rb:12
  [1m[35m (1.1ms)[0m  [1m[35mCOMMIT[0m
  ↳ db/seeds.rb:12
  [1m[35m (0.1ms)[0m  [1m[35mBEGIN[0m
  ↳ db/seeds.rb:18
  [1m[36mDoctor Exists (0.2ms)[0m  [1m[34mSELECT  1 AS one FROM "doctors" WHERE "doctors"."email" = $1 LIMIT $2[0m  [["email", "krieger@notablehealth.com"], ["LIMIT", 1]]
  ↳ db/seeds.rb:18
  [1m[36mDoctor Create (0.2ms)[0m  [1m[32mINSERT INTO "doctors" ("email", "first_name", "last_name", "created_at", "updated_at") VALUES ($1, $2, $3, $4, $5) RETURNING "id"[0m  [["email", "krieger@notablehealth.com"], ["first_name", "Algemop"], ["last_name", "Krieger"], ["created_at", "2021-01-19 01:42:43.705368"], ["updated_at", "2021-01-19 01:42:43.705368"]]
  ↳ db/seeds.rb:18
  [1m[35m (1.1ms)[0m  [1m[35mCOMMIT[0m
  ↳ db/seeds.rb:18
  [1m[35m (0.1ms)[0m  [1m[35mBEGIN[0m
  ↳ db/seeds.rb:24
  [1m[36mDoctor Exists (0.2ms)[0m  [1m[34mSELECT  1 AS one FROM "doctors" WHERE "doctors"."email" = $1 LIMIT $2[0m  [["email", "riviera@notablehealth.com"], ["LIMIT", 1]]
  ↳ db/seeds.rb:24
  [1m[36mDoctor Create (0.3ms)[0m  [1m[32mINSERT INTO "doctors" ("email", "first_name", "last_name", "created_at", "updated_at") VALUES ($1, $2, $3, $4, $5) RETURNING "id"[0m  [["email", "riviera@notablehealth.com"], ["first_name", "Nick"], ["last_name", "Riviera"], ["created_at", "2021-01-19 01:42:43.709272"], ["updated_at", "2021-01-19 01:42:43.709272"]]
  ↳ db/seeds.rb:24
  [1m[35m (1.1ms)[0m  [1m[35mCOMMIT[0m
  ↳ db/seeds.rb:24
  [1m[35m (0.1ms)[0m  [1m[35mBEGIN[0m
  ↳ db/seeds.rb:37
  [1m[36mDoctor Load (0.2ms)[0m  [1m[34mSELECT  "doctors".* FROM "doctors" WHERE "doctors"."id" = $1 LIMIT $2[0m  [["id", 5], ["LIMIT", 1]]
  ↳ db/seeds.rb:37
  [1m[36mAppointment Create (11.3ms)[0m  [1m[32mINSERT INTO "appointments" ("patient_first_name", "patient_last_name", "date", "time", "kind", "doctor_id", "created_at", "updated_at") VALUES ($1, $2, $3, $4, $5, $6, $7, $8) RETURNING "id"[0m  [["patient_first_name", "Sterling"], ["patient_last_name", "Archer"], ["date", "05/09/2018"], ["time", "8:00AM"], ["kind", "New Patient"], ["doctor_id", 5], ["created_at", "2021-01-19 01:42:43.763438"], ["updated_at", "2021-01-19 01:42:43.763438"]]
  ↳ db/seeds.rb:37
  [1m[35m (1.1ms)[0m  [1m[35mCOMMIT[0m
  ↳ db/seeds.rb:37
Started GET "/" for ::1 at 2021-01-18 17:43:14 -0800
  [1m[35m (0.9ms)[0m  [1m[34mSELECT "schema_migrations"."version" FROM "schema_migrations" ORDER BY "schema_migrations"."version" ASC[0m
  ↳ /home/kevinlai/.rbenv/versions/2.5.1/lib/ruby/gems/2.5.0/gems/activerecord-5.2.4.4/lib/active_record/log_subscriber.rb:98
Processing by StaticPagesController#root as HTML
  Rendering static_pages/root.html.erb within layouts/application
  Rendered static_pages/root.html.erb within layouts/application (1.0ms)
Completed 200 OK in 2786ms (Views: 2778.0ms | ActiveRecord: 0.0ms)


Started GET "/api/doctors/" for ::1 at 2021-01-18 17:43:17 -0800
Processing by Api::DoctorsController#index as JSON
  Rendering api/doctors/index.json.jbuilder
  [1m[36mDoctor Load (1.9ms)[0m  [1m[34mSELECT "doctors".* FROM "doctors"[0m
  ↳ app/views/api/doctors/index.json.jbuilder:1
  [1m[36mAppointment Load (3.5ms)[0m  [1m[34mSELECT "appointments".* FROM "appointments" WHERE "appointments"."doctor_id" = $1[0m  [["doctor_id", 4]]
  ↳ app/views/api/doctors/index.json.jbuilder:4
  [1m[36mAppointment Load (2.0ms)[0m  [1m[34mSELECT "appointments".* FROM "appointments" WHERE "appointments"."doctor_id" = $1[0m  [["doctor_id", 5]]
  ↳ app/views/api/doctors/index.json.jbuilder:4
  [1m[36mAppointment Load (1.9ms)[0m  [1m[34mSELECT "appointments".* FROM "appointments" WHERE "appointments"."doctor_id" = $1[0m  [["doctor_id", 6]]
  ↳ app/views/api/doctors/index.json.jbuilder:4
  Rendered api/doctors/index.json.jbuilder (93.3ms)
Completed 200 OK in 111ms (Views: 73.7ms | ActiveRecord: 25.6ms)


Started GET "/" for ::1 at 2021-01-18 17:43:20 -0800
Processing by StaticPagesController#root as HTML
  Rendering static_pages/root.html.erb within layouts/application
  Rendered static_pages/root.html.erb within layouts/application (0.4ms)
Completed 200 OK in 84ms (Views: 83.3ms | ActiveRecord: 0.0ms)


Started GET "/api/doctors/" for ::1 at 2021-01-18 17:43:20 -0800
Processing by Api::DoctorsController#index as JSON
  Rendering api/doctors/index.json.jbuilder
  [1m[36mDoctor Load (5.6ms)[0m  [1m[34mSELECT "doctors".* FROM "doctors"[0m
  ↳ app/views/api/doctors/index.json.jbuilder:1
  [1m[36mAppointment Load (0.3ms)[0m  [1m[34mSELECT "appointments".* FROM "appointments" WHERE "appointments"."doctor_id" = $1[0m  [["doctor_id", 4]]
  ↳ app/views/api/doctors/index.json.jbuilder:4
  [1m[36mAppointment Load (1.5ms)[0m  [1m[34mSELECT "appointments".* FROM "appointments" WHERE "appointments"."doctor_id" = $1[0m  [["doctor_id", 5]]
  ↳ app/views/api/doctors/index.json.jbuilder:4
  [1m[36mAppointment Load (3.1ms)[0m  [1m[34mSELECT "appointments".* FROM "appointments" WHERE "appointments"."doctor_id" = $1[0m  [["doctor_id", 6]]
  ↳ app/views/api/doctors/index.json.jbuilder:4
  Rendered api/doctors/index.json.jbuilder (15.4ms)
Completed 200 OK in 19ms (Views: 8.0ms | ActiveRecord: 10.5ms)


Started GET "/" for ::1 at 2021-01-18 17:43:30 -0800
Processing by StaticPagesController#root as HTML
  Rendering static_pages/root.html.erb within layouts/application
  Rendered static_pages/root.html.erb within layouts/application (0.5ms)
Completed 200 OK in 70ms (Views: 69.2ms | ActiveRecord: 0.0ms)


Started GET "/api/doctors/" for ::1 at 2021-01-18 17:43:30 -0800
Processing by Api::DoctorsController#index as JSON
  Rendering api/doctors/index.json.jbuilder
  [1m[36mDoctor Load (1.4ms)[0m  [1m[34mSELECT "doctors".* FROM "doctors"[0m
  ↳ app/views/api/doctors/index.json.jbuilder:1
  [1m[36mAppointment Load (0.9ms)[0m  [1m[34mSELECT "appointments".* FROM "appointments" WHERE "appointments"."doctor_id" = $1[0m  [["doctor_id", 4]]
  ↳ app/views/api/doctors/index.json.jbuilder:4
  [1m[36mAppointment Load (3.5ms)[0m  [1m[34mSELECT "appointments".* FROM "appointments" WHERE "appointments"."doctor_id" = $1[0m  [["doctor_id", 5]]
  ↳ app/views/api/doctors/index.json.jbuilder:4
  [1m[36mAppointment Load (2.4ms)[0m  [1m[34mSELECT "appointments".* FROM "appointments" WHERE "appointments"."doctor_id" = $1[0m  [["doctor_id", 6]]
  ↳ app/views/api/doctors/index.json.jbuilder:4
  Rendered api/doctors/index.json.jbuilder (19.2ms)
Completed 200 OK in 29ms (Views: 19.9ms | ActiveRecord: 8.2ms)


Started GET "/" for ::1 at 2021-01-18 17:45:46 -0800
Processing by StaticPagesController#root as HTML
  Rendering static_pages/root.html.erb within layouts/application
  Rendered static_pages/root.html.erb within layouts/application (0.3ms)
Completed 200 OK in 71ms (Views: 70.9ms | ActiveRecord: 0.0ms)


Started GET "/api/doctors/" for ::1 at 2021-01-18 17:45:46 -0800
Processing by Api::DoctorsController#index as JSON
  Rendering api/doctors/index.json.jbuilder
  [1m[36mDoctor Load (0.3ms)[0m  [1m[34mSELECT "doctors".* FROM "doctors"[0m
  ↳ app/views/api/doctors/index.json.jbuilder:1
  [1m[36mAppointment Load (2.0ms)[0m  [1m[34mSELECT "appointments".* FROM "appointments" WHERE "appointments"."doctor_id" = $1[0m  [["doctor_id", 4]]
  ↳ app/views/api/doctors/index.json.jbuilder:4
  [1m[36mAppointment Load (3.4ms)[0m  [1m[34mSELECT "appointments".* FROM "appointments" WHERE "appointments"."doctor_id" = $1[0m  [["doctor_id", 5]]
  ↳ app/views/api/doctors/index.json.jbuilder:4
  [1m[36mAppointment Load (6.9ms)[0m  [1m[34mSELECT "appointments".* FROM "appointments" WHERE "appointments"."doctor_id" = $1[0m  [["doctor_id", 6]]
  ↳ app/views/api/doctors/index.json.jbuilder:4
  Rendered api/doctors/index.json.jbuilder (17.9ms)
Completed 200 OK in 22ms (Views: 8.8ms | ActiveRecord: 12.6ms)


Started GET "/" for ::1 at 2021-01-18 17:50:21 -0800
Processing by StaticPagesController#root as HTML
  Rendering static_pages/root.html.erb within layouts/application
  Rendered static_pages/root.html.erb within layouts/application (0.5ms)
Completed 200 OK in 998ms (Views: 995.6ms | ActiveRecord: 0.0ms)


Started GET "/api/doctors/" for ::1 at 2021-01-18 17:50:23 -0800
Processing by Api::DoctorsController#index as JSON
  Rendering api/doctors/index.json.jbuilder
  [1m[36mDoctor Load (4.9ms)[0m  [1m[34mSELECT "doctors".* FROM "doctors"[0m
  ↳ app/views/api/doctors/index.json.jbuilder:1
  [1m[36mAppointment Load (0.4ms)[0m  [1m[34mSELECT "appointments".* FROM "appointments" WHERE "appointments"."doctor_id" = $1[0m  [["doctor_id", 4]]
  ↳ app/views/api/doctors/index.json.jbuilder:4
  [1m[36mAppointment Load (0.6ms)[0m  [1m[34mSELECT "appointments".* FROM "appointments" WHERE "appointments"."doctor_id" = $1[0m  [["doctor_id", 5]]
  ↳ app/views/api/doctors/index.json.jbuilder:4
  [1m[36mAppointment Load (5.4ms)[0m  [1m[34mSELECT "appointments".* FROM "appointments" WHERE "appointments"."doctor_id" = $1[0m  [["doctor_id", 6]]
  ↳ app/views/api/doctors/index.json.jbuilder:4
  Rendered api/doctors/index.json.jbuilder (19.8ms)
Completed 200 OK in 36ms (Views: 23.6ms | ActiveRecord: 11.2ms)


Started GET "/" for ::1 at 2021-01-18 17:56:13 -0800
Processing by StaticPagesController#root as HTML
  Rendering static_pages/root.html.erb within layouts/application
  Rendered static_pages/root.html.erb within layouts/application (0.3ms)
Completed 200 OK in 1076ms (Views: 1075.8ms | ActiveRecord: 0.0ms)


Started GET "/api/doctors/" for ::1 at 2021-01-18 17:56:16 -0800
Processing by Api::DoctorsController#index as JSON
  Rendering api/doctors/index.json.jbuilder
  [1m[36mDoctor Load (4.1ms)[0m  [1m[34mSELECT "doctors".* FROM "doctors"[0m
  ↳ app/views/api/doctors/index.json.jbuilder:1
  [1m[36mAppointment Load (1.4ms)[0m  [1m[34mSELECT "appointments".* FROM "appointments" WHERE "appointments"."doctor_id" = $1[0m  [["doctor_id", 4]]
  ↳ app/views/api/doctors/index.json.jbuilder:4
  [1m[36mAppointment Load (0.3ms)[0m  [1m[34mSELECT "appointments".* FROM "appointments" WHERE "appointments"."doctor_id" = $1[0m  [["doctor_id", 5]]
  ↳ app/views/api/doctors/index.json.jbuilder:4
  [1m[36mAppointment Load (0.3ms)[0m  [1m[34mSELECT "appointments".* FROM "appointments" WHERE "appointments"."doctor_id" = $1[0m  [["doctor_id", 6]]
  ↳ app/views/api/doctors/index.json.jbuilder:4
  Rendered api/doctors/index.json.jbuilder (30.9ms)
Completed 200 OK in 44ms (Views: 37.5ms | ActiveRecord: 6.1ms)


Started GET "/" for ::1 at 2021-01-18 17:56:39 -0800
Processing by StaticPagesController#root as HTML
  Rendering static_pages/root.html.erb within layouts/application
  Rendered static_pages/root.html.erb within layouts/application (1.2ms)
Completed 200 OK in 119ms (Views: 118.7ms | ActiveRecord: 0.0ms)


Started GET "/api/doctors/" for ::1 at 2021-01-18 17:56:40 -0800
Processing by Api::DoctorsController#index as JSON
  Rendering api/doctors/index.json.jbuilder
  [1m[36mDoctor Load (4.7ms)[0m  [1m[34mSELECT "doctors".* FROM "doctors"[0m
  ↳ app/views/api/doctors/index.json.jbuilder:1
  [1m[36mAppointment Load (0.3ms)[0m  [1m[34mSELECT "appointments".* FROM "appointments" WHERE "appointments"."doctor_id" = $1[0m  [["doctor_id", 4]]
  ↳ app/views/api/doctors/index.json.jbuilder:4
  [1m[36mAppointment Load (0.5ms)[0m  [1m[34mSELECT "appointments".* FROM "appointments" WHERE "appointments"."doctor_id" = $1[0m  [["doctor_id", 5]]
  ↳ app/views/api/doctors/index.json.jbuilder:4
  [1m[36mAppointment Load (0.4ms)[0m  [1m[34mSELECT "appointments".* FROM "appointments" WHERE "appointments"."doctor_id" = $1[0m  [["doctor_id", 6]]
  ↳ app/views/api/doctors/index.json.jbuilder:4
  Rendered api/doctors/index.json.jbuilder (13.0ms)
Completed 200 OK in 25ms (Views: 18.6ms | ActiveRecord: 6.0ms)


Started GET "/" for ::1 at 2021-01-18 17:57:56 -0800
Processing by StaticPagesController#root as HTML
  Rendering static_pages/root.html.erb within layouts/application
  Rendered static_pages/root.html.erb within layouts/application (0.3ms)
Completed 200 OK in 1012ms (Views: 1011.5ms | ActiveRecord: 0.0ms)


Started GET "/api/doctors/" for ::1 at 2021-01-18 17:57:59 -0800
Processing by Api::DoctorsController#index as JSON
  Rendering api/doctors/index.json.jbuilder
  [1m[36mDoctor Load (0.6ms)[0m  [1m[34mSELECT "doctors".* FROM "doctors"[0m
  ↳ app/views/api/doctors/index.json.jbuilder:1
  [1m[36mAppointment Load (4.2ms)[0m  [1m[34mSELECT "appointments".* FROM "appointments" WHERE "appointments"."doctor_id" = $1[0m  [["doctor_id", 4]]
  ↳ app/views/api/doctors/index.json.jbuilder:4
  [1m[36mAppointment Load (0.2ms)[0m  [1m[34mSELECT "appointments".* FROM "appointments" WHERE "appointments"."doctor_id" = $1[0m  [["doctor_id", 5]]
  ↳ app/views/api/doctors/index.json.jbuilder:4
  [1m[36mAppointment Load (0.2ms)[0m  [1m[34mSELECT "appointments".* FROM "appointments" WHERE "appointments"."doctor_id" = $1[0m  [["doctor_id", 6]]
  ↳ app/views/api/doctors/index.json.jbuilder:4
  Rendered api/doctors/index.json.jbuilder (18.6ms)
Completed 200 OK in 27ms (Views: 21.5ms | ActiveRecord: 5.2ms)


Started GET "/" for ::1 at 2021-01-18 17:58:15 -0800
Processing by StaticPagesController#root as HTML
  Rendering static_pages/root.html.erb within layouts/application
  Rendered static_pages/root.html.erb within layouts/application (0.3ms)
Completed 200 OK in 1262ms (Views: 1261.2ms | ActiveRecord: 0.0ms)


Started GET "/api/doctors/" for ::1 at 2021-01-18 17:58:17 -0800
Processing by Api::DoctorsController#index as JSON
  Rendering api/doctors/index.json.jbuilder
  [1m[36mDoctor Load (0.5ms)[0m  [1m[34mSELECT "doctors".* FROM "doctors"[0m
  ↳ app/views/api/doctors/index.json.jbuilder:1
  [1m[36mAppointment Load (0.1ms)[0m  [1m[34mSELECT "appointments".* FROM "appointments" WHERE "appointments"."doctor_id" = $1[0m  [["doctor_id", 4]]
  ↳ app/views/api/doctors/index.json.jbuilder:4
  [1m[36mAppointment Load (0.4ms)[0m  [1m[34mSELECT "appointments".* FROM "appointments" WHERE "appointments"."doctor_id" = $1[0m  [["doctor_id", 5]]
  ↳ app/views/api/doctors/index.json.jbuilder:4
  [1m[36mAppointment Load (0.1ms)[0m  [1m[34mSELECT "appointments".* FROM "appointments" WHERE "appointments"."doctor_id" = $1[0m  [["doctor_id", 6]]
  ↳ app/views/api/doctors/index.json.jbuilder:4
  Rendered api/doctors/index.json.jbuilder (5.9ms)
Completed 200 OK in 25ms (Views: 23.0ms | ActiveRecord: 1.1ms)


Started GET "/" for ::1 at 2021-01-18 17:59:06 -0800
Processing by StaticPagesController#root as HTML
  Rendering static_pages/root.html.erb within layouts/application
  Rendered static_pages/root.html.erb within layouts/application (0.3ms)
Completed 200 OK in 1045ms (Views: 1044.2ms | ActiveRecord: 0.0ms)


Started GET "/api/doctors/" for ::1 at 2021-01-18 17:59:08 -0800
Processing by Api::DoctorsController#index as JSON
  Rendering api/doctors/index.json.jbuilder
  [1m[36mDoctor Load (0.2ms)[0m  [1m[34mSELECT "doctors".* FROM "doctors"[0m
  ↳ app/views/api/doctors/index.json.jbuilder:1
  [1m[36mAppointment Load (4.1ms)[0m  [1m[34mSELECT "appointments".* FROM "appointments" WHERE "appointments"."doctor_id" = $1[0m  [["doctor_id", 4]]
  ↳ app/views/api/doctors/index.json.jbuilder:4
  [1m[36mAppointment Load (0.2ms)[0m  [1m[34mSELECT "appointments".* FROM "appointments" WHERE "appointments"."doctor_id" = $1[0m  [["doctor_id", 5]]
  ↳ app/views/api/doctors/index.json.jbuilder:4
  [1m[36mAppointment Load (8.3ms)[0m  [1m[34mSELECT "appointments".* FROM "appointments" WHERE "appointments"."doctor_id" = $1[0m  [["doctor_id", 6]]
  ↳ app/views/api/doctors/index.json.jbuilder:4
  Rendered api/doctors/index.json.jbuilder (17.3ms)
Completed 200 OK in 21ms (Views: 7.4ms | ActiveRecord: 12.8ms)


Started GET "/" for ::1 at 2021-01-18 17:59:27 -0800
Processing by StaticPagesController#root as HTML
  Rendering static_pages/root.html.erb within layouts/application
  Rendered static_pages/root.html.erb within layouts/application (0.5ms)
Completed 200 OK in 1151ms (Views: 1150.6ms | ActiveRecord: 0.0ms)


Started GET "/api/doctors/" for ::1 at 2021-01-18 17:59:30 -0800
Processing by Api::DoctorsController#index as JSON
  Rendering api/doctors/index.json.jbuilder
  [1m[36mDoctor Load (1.7ms)[0m  [1m[34mSELECT "doctors".* FROM "doctors"[0m
  ↳ app/views/api/doctors/index.json.jbuilder:1
  [1m[36mAppointment Load (2.8ms)[0m  [1m[34mSELECT "appointments".* FROM "appointments" WHERE "appointments"."doctor_id" = $1[0m  [["doctor_id", 4]]
  ↳ app/views/api/doctors/index.json.jbuilder:4
  [1m[36mAppointment Load (2.1ms)[0m  [1m[34mSELECT "appointments".* FROM "appointments" WHERE "appointments"."doctor_id" = $1[0m  [["doctor_id", 5]]
  ↳ app/views/api/doctors/index.json.jbuilder:4
  [1m[36mAppointment Load (2.2ms)[0m  [1m[34mSELECT "appointments".* FROM "appointments" WHERE "appointments"."doctor_id" = $1[0m  [["doctor_id", 6]]
  ↳ app/views/api/doctors/index.json.jbuilder:4
  Rendered api/doctors/index.json.jbuilder (13.7ms)
Completed 200 OK in 17ms (Views: 7.5ms | ActiveRecord: 8.9ms)


